<?xml version="1.0" encoding="UTF-8"?>
<!-- Generated by org.testng.reporters.JUnitReportReporter -->
<testsuite skipped="0" hostname="s-PC" name="com.sanqa.testcases.SignInTest" tests="1" failures="0" timestamp="03 Feb 2020 08:18:52 GMT" time="70.148" errors="0">
  <testcase name="signInTest" time="70.148" classname="com.sanqa.testcases.SignInTest"/>
</testsuite> <!-- com.sanqa.testcases.SignInTest -->
