<?xml version="1.0" encoding="UTF-8"?>
<!-- Generated by org.testng.reporters.JUnitReportReporter -->
<testsuite skipped="0" hostname="s-PC" name="com.sanqa.testcases.SignInTest" tests="1" failures="0" timestamp="03 Feb 2020 16:08:30 GMT" time="38.282" errors="0">
  <testcase name="signInTest" time="38.282" classname="com.sanqa.testcases.SignInTest"/>
</testsuite> <!-- com.sanqa.testcases.SignInTest -->
