<?xml version="1.0" encoding="UTF-8"?>
<!-- Generated by org.testng.reporters.JUnitReportReporter -->
<testsuite skipped="0" hostname="s-PC" name="com.sanqa.testcases.FlightSearchTest" tests="1" failures="0" timestamp="03 Feb 2020 16:08:30 GMT" time="41.786" errors="0">
  <testcase name="flightSearchTest" time="41.786" classname="com.sanqa.testcases.FlightSearchTest"/>
</testsuite> <!-- com.sanqa.testcases.FlightSearchTest -->
